This file contains any messages produced by compilers while
running configure, to aid debugging if configure makes a mistake.

It was created by focaes configure 0.1, which was
generated by GNU Autoconf 2.69.  Invocation command line was

  $ ../configure 

## --------- ##
## Platform. ##
## --------- ##

hostname = bogon
uname -m = x86_64
uname -r = 20.3.0
uname -s = Darwin
uname -v = Darwin Kernel Version 20.3.0: Thu Jan 21 00:07:06 PST 2021; root:xnu-7195.81.3~1/RELEASE_X86_64

/usr/bin/uname -p = i386
/bin/uname -X     = unknown

/bin/arch              = unknown
/usr/bin/arch -k       = unknown
/usr/convex/getsysinfo = unknown
/usr/bin/hostinfo      = Mach kernel version:
	 Darwin Kernel Version 20.3.0: Thu Jan 21 00:07:06 PST 2021; root:xnu-7195.81.3~1/RELEASE_X86_64
Kernel configured for up to 12 processors.
6 processors are physically available.
12 processors are logically available.
Processor type: x86_64h (Intel x86-64h Haswell)
Processors active: 0 1 2 3 4 5 6 7 8 9 10 11
Primary memory available: 16.00 gigabytes
Default processor set: 567 tasks, 2114 threads, 12 processors
Load average: 1.29, Mach factor: 10.70
/bin/machine           = unknown
/usr/bin/oslevel       = unknown
/bin/universe          = unknown

PATH: /usr/local/bin
PATH: /usr/bin
PATH: /bin
PATH: /usr/sbin
PATH: /sbin


## ----------- ##
## Core tests. ##
## ----------- ##

configure:2420: checking build system type
configure:2434: result: x86_64-apple-darwin20.3.0
configure:2454: checking host system type
configure:2467: result: x86_64-apple-darwin20.3.0
configure:2487: checking target system type
configure:2500: result: x86_64-apple-darwin20.3.0
configure:2543: checking for a BSD-compatible install
configure:2611: result: /usr/bin/install -c
configure:2622: checking whether build environment is sane
configure:2677: result: yes
configure:2823: checking for a thread-safe mkdir -p
configure:2862: result: ../install-sh -c -d
configure:2869: checking for gawk
configure:2899: result: no
configure:2869: checking for mawk
configure:2899: result: no
configure:2869: checking for nawk
configure:2899: result: no
configure:2869: checking for awk
configure:2885: found /usr/bin/awk
configure:2896: result: awk
configure:2907: checking whether make sets $(MAKE)
configure:2929: result: yes
configure:2958: checking whether make supports nested variables
configure:2975: result: yes
configure:3150: checking for gcc
configure:3166: found /usr/bin/gcc
configure:3177: result: gcc
configure:3406: checking for C compiler version
configure:3415: gcc --version >&5
Apple clang version 12.0.0 (clang-1200.0.32.29)
Target: x86_64-apple-darwin20.3.0
Thread model: posix
InstalledDir: /Library/Developer/CommandLineTools/usr/bin
Configured with: --prefix=/Library/Developer/CommandLineTools/usr --with-gxx-include-dir=/Library/Developer/CommandLineTools/SDKs/MacOSX.sdk/usr/include/c++/4.2.1
configure:3426: $? = 0
configure:3415: gcc -v >&5
Configured with: --prefix=/Library/Developer/CommandLineTools/usr --with-gxx-include-dir=/Library/Developer/CommandLineTools/SDKs/MacOSX.sdk/usr/include/c++/4.2.1
Apple clang version 12.0.0 (clang-1200.0.32.29)
Target: x86_64-apple-darwin20.3.0
Thread model: posix
InstalledDir: /Library/Developer/CommandLineTools/usr/bin
configure:3426: $? = 0
configure:3415: gcc -V >&5
clang: error: argument to '-V' is missing (expected 1 value)
clang: error: no input files
configure:3426: $? = 1
configure:3415: gcc -qversion >&5
clang: error: unknown argument '-qversion'; did you mean '--version'?
clang: error: no input files
configure:3426: $? = 1
configure:3446: checking whether the C compiler works
configure:3468: gcc    conftest.c  >&5
configure:3472: $? = 0
configure:3520: result: yes
configure:3523: checking for C compiler default output file name
configure:3525: result: a.out
configure:3531: checking for suffix of executables
configure:3538: gcc -o conftest    conftest.c  >&5
configure:3542: $? = 0
configure:3564: result: 
configure:3586: checking whether we are cross compiling
configure:3594: gcc -o conftest    conftest.c  >&5
configure:3598: $? = 0
configure:3605: ./conftest
configure:3609: $? = 0
configure:3624: result: no
configure:3629: checking for suffix of object files
configure:3651: gcc -c   conftest.c >&5
configure:3655: $? = 0
configure:3676: result: o
configure:3680: checking whether we are using the GNU C compiler
configure:3699: gcc -c   conftest.c >&5
configure:3699: $? = 0
configure:3708: result: yes
configure:3717: checking whether gcc accepts -g
configure:3737: gcc -c -g  conftest.c >&5
configure:3737: $? = 0
configure:3778: result: yes
configure:3795: checking for gcc option to accept ISO C89
configure:3858: gcc  -c -g -O2  conftest.c >&5
configure:3858: $? = 0
configure:3871: result: none needed
configure:3896: checking whether gcc understands -c and -o together
configure:3918: gcc -c conftest.c -o conftest2.o
configure:3921: $? = 0
configure:3918: gcc -c conftest.c -o conftest2.o
configure:3921: $? = 0
configure:3933: result: yes
configure:3953: checking whether make supports the include directive
configure:3968: make -f confmf.GNU && cat confinc.out
this is the am__doit target
configure:3971: $? = 0
configure:3990: result: yes (GNU style)
configure:4015: checking dependency style of gcc
configure:4126: result: gcc3
configure:4199: checking for g++
configure:4215: found /usr/bin/g++
configure:4226: result: g++
configure:4253: checking for C++ compiler version
configure:4262: g++ --version >&5
Apple clang version 12.0.0 (clang-1200.0.32.29)
Target: x86_64-apple-darwin20.3.0
Thread model: posix
InstalledDir: /Library/Developer/CommandLineTools/usr/bin
Configured with: --prefix=/Library/Developer/CommandLineTools/usr --with-gxx-include-dir=/Library/Developer/CommandLineTools/SDKs/MacOSX.sdk/usr/include/c++/4.2.1
configure:4273: $? = 0
configure:4262: g++ -v >&5
Configured with: --prefix=/Library/Developer/CommandLineTools/usr --with-gxx-include-dir=/Library/Developer/CommandLineTools/SDKs/MacOSX.sdk/usr/include/c++/4.2.1
Apple clang version 12.0.0 (clang-1200.0.32.29)
Target: x86_64-apple-darwin20.3.0
Thread model: posix
InstalledDir: /Library/Developer/CommandLineTools/usr/bin
configure:4273: $? = 0
configure:4262: g++ -V >&5
clang: error: argument to '-V' is missing (expected 1 value)
clang: error: no input files
configure:4273: $? = 1
configure:4262: g++ -qversion >&5
clang: error: unknown argument '-qversion'; did you mean '--version'?
clang: error: no input files
configure:4273: $? = 1
configure:4277: checking whether we are using the GNU C++ compiler
configure:4296: g++ -c   conftest.cpp >&5
configure:4296: $? = 0
configure:4305: result: yes
configure:4314: checking whether g++ accepts -g
configure:4334: g++ -c -g  conftest.cpp >&5
configure:4334: $? = 0
configure:4375: result: yes
configure:4400: checking dependency style of g++
configure:4511: result: gcc3
configure:4531: checking for memset
configure:4531: gcc -o conftest -g -O2   conftest.c  >&5
conftest.c:34:6: warning: incompatible redeclaration of library function 'memset' [-Wincompatible-library-redeclaration]
char memset ();
     ^
conftest.c:34:6: note: 'memset' is a builtin with type 'void *(void *, int, unsigned long)'
1 warning generated.
configure:4531: $? = 0
configure:4531: result: yes
configure:4531: checking for mkdir
configure:4531: gcc -o conftest -g -O2   conftest.c  >&5
configure:4531: $? = 0
configure:4531: result: yes
configure:4531: checking for socket
configure:4531: gcc -o conftest -g -O2   conftest.c  >&5
configure:4531: $? = 0
configure:4531: result: yes
configure:4531: checking for strcasecmp
configure:4531: gcc -o conftest -g -O2   conftest.c  >&5
conftest.c:37:6: warning: incompatible redeclaration of library function 'strcasecmp' [-Wincompatible-library-redeclaration]
char strcasecmp ();
     ^
conftest.c:37:6: note: 'strcasecmp' is a builtin with type 'int (const char *, const char *)'
1 warning generated.
configure:4531: $? = 0
configure:4531: result: yes
configure:4545: checking how to run the C preprocessor
configure:4576: gcc -E  conftest.c
configure:4576: $? = 0
configure:4590: gcc -E  conftest.c
conftest.c:15:10: fatal error: 'ac_nonexistent.h' file not found
#include <ac_nonexistent.h>
         ^~~~~~~~~~~~~~~~~~
1 error generated.
configure:4590: $? = 1
configure: failed program was:
| /* confdefs.h */
| #define PACKAGE_NAME "focaes"
| #define PACKAGE_TARNAME "focaes"
| #define PACKAGE_VERSION "0.1"
| #define PACKAGE_STRING "focaes 0.1"
| #define PACKAGE_BUGREPORT ""
| #define PACKAGE_URL ""
| #define PACKAGE "focaes"
| #define VERSION "0.1"
| #define HAVE_MEMSET 1
| #define HAVE_MKDIR 1
| #define HAVE_SOCKET 1
| #define HAVE_STRCASECMP 1
| /* end confdefs.h.  */
| #include <ac_nonexistent.h>
configure:4615: result: gcc -E
configure:4635: gcc -E  conftest.c
configure:4635: $? = 0
configure:4649: gcc -E  conftest.c
conftest.c:15:10: fatal error: 'ac_nonexistent.h' file not found
#include <ac_nonexistent.h>
         ^~~~~~~~~~~~~~~~~~
1 error generated.
configure:4649: $? = 1
configure: failed program was:
| /* confdefs.h */
| #define PACKAGE_NAME "focaes"
| #define PACKAGE_TARNAME "focaes"
| #define PACKAGE_VERSION "0.1"
| #define PACKAGE_STRING "focaes 0.1"
| #define PACKAGE_BUGREPORT ""
| #define PACKAGE_URL ""
| #define PACKAGE "focaes"
| #define VERSION "0.1"
| #define HAVE_MEMSET 1
| #define HAVE_MKDIR 1
| #define HAVE_SOCKET 1
| #define HAVE_STRCASECMP 1
| /* end confdefs.h.  */
| #include <ac_nonexistent.h>
configure:4678: checking for grep that handles long lines and -e
configure:4736: result: /usr/bin/grep
configure:4741: checking for egrep
configure:4803: result: /usr/bin/grep -E
configure:4808: checking for ANSI C header files
configure:4828: gcc -c -g -O2  conftest.c >&5
configure:4828: $? = 0
configure:4901: gcc -o conftest -g -O2   conftest.c  >&5
configure:4901: $? = 0
configure:4901: ./conftest
configure:4901: $? = 0
configure:4912: result: yes
configure:4925: checking for sys/types.h
configure:4925: gcc -c -g -O2  conftest.c >&5
configure:4925: $? = 0
configure:4925: result: yes
configure:4925: checking for sys/stat.h
configure:4925: gcc -c -g -O2  conftest.c >&5
configure:4925: $? = 0
configure:4925: result: yes
configure:4925: checking for stdlib.h
configure:4925: gcc -c -g -O2  conftest.c >&5
configure:4925: $? = 0
configure:4925: result: yes
configure:4925: checking for string.h
configure:4925: gcc -c -g -O2  conftest.c >&5
configure:4925: $? = 0
configure:4925: result: yes
configure:4925: checking for memory.h
configure:4925: gcc -c -g -O2  conftest.c >&5
configure:4925: $? = 0
configure:4925: result: yes
configure:4925: checking for strings.h
configure:4925: gcc -c -g -O2  conftest.c >&5
configure:4925: $? = 0
configure:4925: result: yes
configure:4925: checking for inttypes.h
configure:4925: gcc -c -g -O2  conftest.c >&5
configure:4925: $? = 0
configure:4925: result: yes
configure:4925: checking for stdint.h
configure:4925: gcc -c -g -O2  conftest.c >&5
configure:4925: $? = 0
configure:4925: result: yes
configure:4925: checking for unistd.h
configure:4925: gcc -c -g -O2  conftest.c >&5
configure:4925: $? = 0
configure:4925: result: yes
configure:4940: checking arpa/inet.h usability
configure:4940: gcc -c -g -O2  conftest.c >&5
configure:4940: $? = 0
configure:4940: result: yes
configure:4940: checking arpa/inet.h presence
configure:4940: gcc -E  conftest.c
configure:4940: $? = 0
configure:4940: result: yes
configure:4940: checking for arpa/inet.h
configure:4940: result: yes
configure:4940: checking limits.h usability
configure:4940: gcc -c -g -O2  conftest.c >&5
configure:4940: $? = 0
configure:4940: result: yes
configure:4940: checking limits.h presence
configure:4940: gcc -E  conftest.c
configure:4940: $? = 0
configure:4940: result: yes
configure:4940: checking for limits.h
configure:4940: result: yes
configure:4940: checking netinet/in.h usability
configure:4940: gcc -c -g -O2  conftest.c >&5
configure:4940: $? = 0
configure:4940: result: yes
configure:4940: checking netinet/in.h presence
configure:4940: gcc -E  conftest.c
configure:4940: $? = 0
configure:4940: result: yes
configure:4940: checking for netinet/in.h
configure:4940: result: yes
configure:4940: checking for stdint.h
configure:4940: result: yes
configure:4940: checking for string.h
configure:4940: result: yes
configure:4940: checking for unistd.h
configure:4940: result: yes
configure:4950: checking for stdbool.h that conforms to C99
configure:5017: gcc -c -g -O2  conftest.c >&5
conftest.c:80:24: warning: address of 's' will always evaluate to 'true' [-Wpointer-bool-conversion]
             bool e = &s;
                  ~    ^
conftest.c:84:23: warning: address of array 'a' will always evaluate to 'true' [-Wpointer-bool-conversion]
             return (!a + !b + !c + !d + !e + !f + !g + !h + !i + !!j + !k + !!l
                     ~^
conftest.c:84:28: warning: address of array 'b' will always evaluate to 'true' [-Wpointer-bool-conversion]
             return (!a + !b + !c + !d + !e + !f + !g + !h + !i + !!j + !k + !!l
                          ~^
conftest.c:84:33: warning: address of array 'c' will always evaluate to 'true' [-Wpointer-bool-conversion]
             return (!a + !b + !c + !d + !e + !f + !g + !h + !i + !!j + !k + !!l
                               ~^
conftest.c:84:38: warning: address of array 'd' will always evaluate to 'true' [-Wpointer-bool-conversion]
             return (!a + !b + !c + !d + !e + !f + !g + !h + !i + !!j + !k + !!l
                                    ~^
conftest.c:84:48: warning: address of array 'f' will always evaluate to 'true' [-Wpointer-bool-conversion]
             return (!a + !b + !c + !d + !e + !f + !g + !h + !i + !!j + !k + !!l
                                              ~^
conftest.c:84:53: warning: address of array 'g' will always evaluate to 'true' [-Wpointer-bool-conversion]
             return (!a + !b + !c + !d + !e + !f + !g + !h + !i + !!j + !k + !!l
                                                   ~^
conftest.c:84:58: warning: address of array 'h' will always evaluate to 'true' [-Wpointer-bool-conversion]
             return (!a + !b + !c + !d + !e + !f + !g + !h + !i + !!j + !k + !!l
                                                        ~^
conftest.c:84:63: warning: address of array 'i' will always evaluate to 'true' [-Wpointer-bool-conversion]
             return (!a + !b + !c + !d + !e + !f + !g + !h + !i + !!j + !k + !!l
                                                             ~^
conftest.c:85:30: warning: address of array 'n' will always evaluate to 'true' [-Wpointer-bool-conversion]
                            ~^
conftest.c:85:35: warning: address of array 'o' will always evaluate to 'true' [-Wpointer-bool-conversion]
                                 ~^
conftest.c:85:40: warning: address of array 'p' will always evaluate to 'true' [-Wpointer-bool-conversion]
                                      ~^
12 warnings generated.
configure:5017: $? = 0
configure:5024: result: yes
configure:5026: checking for _Bool
configure:5026: gcc -c -g -O2  conftest.c >&5
configure:5026: $? = 0
configure:5026: gcc -c -g -O2  conftest.c >&5
conftest.c:67:20: error: expected expression
if (sizeof ((_Bool)))
                   ^
1 error generated.
configure:5026: $? = 1
configure: failed program was:
| /* confdefs.h */
| #define PACKAGE_NAME "focaes"
| #define PACKAGE_TARNAME "focaes"
| #define PACKAGE_VERSION "0.1"
| #define PACKAGE_STRING "focaes 0.1"
| #define PACKAGE_BUGREPORT ""
| #define PACKAGE_URL ""
| #define PACKAGE "focaes"
| #define VERSION "0.1"
| #define HAVE_MEMSET 1
| #define HAVE_MKDIR 1
| #define HAVE_SOCKET 1
| #define HAVE_STRCASECMP 1
| #define STDC_HEADERS 1
| #define HAVE_SYS_TYPES_H 1
| #define HAVE_SYS_STAT_H 1
| #define HAVE_STDLIB_H 1
| #define HAVE_STRING_H 1
| #define HAVE_MEMORY_H 1
| #define HAVE_STRINGS_H 1
| #define HAVE_INTTYPES_H 1
| #define HAVE_STDINT_H 1
| #define HAVE_UNISTD_H 1
| #define HAVE_ARPA_INET_H 1
| #define HAVE_LIMITS_H 1
| #define HAVE_NETINET_IN_H 1
| #define HAVE_STDINT_H 1
| #define HAVE_STRING_H 1
| #define HAVE_UNISTD_H 1
| /* end confdefs.h.  */
| #include <stdio.h>
| #ifdef HAVE_SYS_TYPES_H
| # include <sys/types.h>
| #endif
| #ifdef HAVE_SYS_STAT_H
| # include <sys/stat.h>
| #endif
| #ifdef STDC_HEADERS
| # include <stdlib.h>
| # include <stddef.h>
| #else
| # ifdef HAVE_STDLIB_H
| #  include <stdlib.h>
| # endif
| #endif
| #ifdef HAVE_STRING_H
| # if !defined STDC_HEADERS && defined HAVE_MEMORY_H
| #  include <memory.h>
| # endif
| # include <string.h>
| #endif
| #ifdef HAVE_STRINGS_H
| # include <strings.h>
| #endif
| #ifdef HAVE_INTTYPES_H
| # include <inttypes.h>
| #endif
| #ifdef HAVE_STDINT_H
| # include <stdint.h>
| #endif
| #ifdef HAVE_UNISTD_H
| # include <unistd.h>
| #endif
| int
| main ()
| {
| if (sizeof ((_Bool)))
| 	    return 0;
|   ;
|   return 0;
| }
configure:5026: result: yes
configure:5038: checking for int64_t
configure:5038: gcc -c -g -O2  conftest.c >&5
configure:5038: $? = 0
configure:5038: gcc -c -g -O2  conftest.c >&5
conftest.c:70:53: warning: overflow in expression; result is -9223372036854775808 with type 'long long' [-Winteger-overflow]
                 < (int64_t) (((((int64_t) 1 << N) << N) - 1) * 2 + 2))];
                                                                  ^
conftest.c:69:24: error: 'test_array' declared as an array with a negative size
static int test_array [1 - 2 * !((int64_t) (((((int64_t) 1 << N) << N) - 1) * 2 + 1)
                       ^~~~~~~~~~~~~~~~~~~~~~~~~~~~~~~~~~~~~~~~~~~~~~~~~~~~~~~~~~~~~
1 warning and 1 error generated.
configure:5038: $? = 1
configure: failed program was:
| /* confdefs.h */
| #define PACKAGE_NAME "focaes"
| #define PACKAGE_TARNAME "focaes"
| #define PACKAGE_VERSION "0.1"
| #define PACKAGE_STRING "focaes 0.1"
| #define PACKAGE_BUGREPORT ""
| #define PACKAGE_URL ""
| #define PACKAGE "focaes"
| #define VERSION "0.1"
| #define HAVE_MEMSET 1
| #define HAVE_MKDIR 1
| #define HAVE_SOCKET 1
| #define HAVE_STRCASECMP 1
| #define STDC_HEADERS 1
| #define HAVE_SYS_TYPES_H 1
| #define HAVE_SYS_STAT_H 1
| #define HAVE_STDLIB_H 1
| #define HAVE_STRING_H 1
| #define HAVE_MEMORY_H 1
| #define HAVE_STRINGS_H 1
| #define HAVE_INTTYPES_H 1
| #define HAVE_STDINT_H 1
| #define HAVE_UNISTD_H 1
| #define HAVE_ARPA_INET_H 1
| #define HAVE_LIMITS_H 1
| #define HAVE_NETINET_IN_H 1
| #define HAVE_STDINT_H 1
| #define HAVE_STRING_H 1
| #define HAVE_UNISTD_H 1
| #define HAVE__BOOL 1
| /* end confdefs.h.  */
| #include <stdio.h>
| #ifdef HAVE_SYS_TYPES_H
| # include <sys/types.h>
| #endif
| #ifdef HAVE_SYS_STAT_H
| # include <sys/stat.h>
| #endif
| #ifdef STDC_HEADERS
| # include <stdlib.h>
| # include <stddef.h>
| #else
| # ifdef HAVE_STDLIB_H
| #  include <stdlib.h>
| # endif
| #endif
| #ifdef HAVE_STRING_H
| # if !defined STDC_HEADERS && defined HAVE_MEMORY_H
| #  include <memory.h>
| # endif
| # include <string.h>
| #endif
| #ifdef HAVE_STRINGS_H
| # include <strings.h>
| #endif
| #ifdef HAVE_INTTYPES_H
| # include <inttypes.h>
| #endif
| #ifdef HAVE_STDINT_H
| # include <stdint.h>
| #endif
| #ifdef HAVE_UNISTD_H
| # include <unistd.h>
| #endif
| 	        enum { N = 64 / 2 - 1 };
| int
| main ()
| {
| static int test_array [1 - 2 * !((int64_t) (((((int64_t) 1 << N) << N) - 1) * 2 + 1)
| 		 < (int64_t) (((((int64_t) 1 << N) << N) - 1) * 2 + 2))];
| test_array [0] = 0;
| return test_array [0];
| 
|   ;
|   return 0;
| }
configure:5038: result: yes
configure:5049: checking for uint8_t
configure:5049: gcc -c -g -O2  conftest.c >&5
configure:5049: $? = 0
configure:5049: result: yes
configure:5063: checking for uint16_t
configure:5063: gcc -c -g -O2  conftest.c >&5
configure:5063: $? = 0
configure:5063: result: yes
configure:5075: checking for uint32_t
configure:5075: gcc -c -g -O2  conftest.c >&5
configure:5075: $? = 0
configure:5075: result: yes
configure:5237: checking that generated files are newer than configure
configure:5243: result: done
configure:5270: creating ./config.status

## ---------------------- ##
## Running config.status. ##
## ---------------------- ##

This file was extended by focaes config.status 0.1, which was
generated by GNU Autoconf 2.69.  Invocation command line was

  CONFIG_FILES    = 
  CONFIG_HEADERS  = 
  CONFIG_LINKS    = 
  CONFIG_COMMANDS = 
  $ ./config.status 

on bogon

config.status:796: creating Makefile
config.status:796: creating src/Makefile
config.status:953: executing depfiles commands
config.status:1030: cd src       && sed -e '/# am--include-marker/d' Makefile         | make -f - am--depfiles
config.status:1035: $? = 0

## ---------------- ##
## Cache variables. ##
## ---------------- ##

ac_cv_build=x86_64-apple-darwin20.3.0
ac_cv_c_compiler_gnu=yes
ac_cv_c_int64_t=yes
ac_cv_c_uint16_t=yes
ac_cv_c_uint32_t=yes
ac_cv_c_uint8_t=yes
ac_cv_cxx_compiler_gnu=yes
ac_cv_env_CCC_set=
ac_cv_env_CCC_value=
ac_cv_env_CC_set=
ac_cv_env_CC_value=
ac_cv_env_CFLAGS_set=
ac_cv_env_CFLAGS_value=
ac_cv_env_CPPFLAGS_set=
ac_cv_env_CPPFLAGS_value=
ac_cv_env_CPP_set=
ac_cv_env_CPP_value=
ac_cv_env_CXXFLAGS_set=
ac_cv_env_CXXFLAGS_value=
ac_cv_env_CXX_set=
ac_cv_env_CXX_value=
ac_cv_env_LDFLAGS_set=
ac_cv_env_LDFLAGS_value=
ac_cv_env_LIBS_set=
ac_cv_env_LIBS_value=
ac_cv_env_build_alias_set=
ac_cv_env_build_alias_value=
ac_cv_env_host_alias_set=
ac_cv_env_host_alias_value=
ac_cv_env_target_alias_set=
ac_cv_env_target_alias_value=
ac_cv_func_memset=yes
ac_cv_func_mkdir=yes
ac_cv_func_socket=yes
ac_cv_func_strcasecmp=yes
ac_cv_header_arpa_inet_h=yes
ac_cv_header_inttypes_h=yes
ac_cv_header_limits_h=yes
ac_cv_header_memory_h=yes
ac_cv_header_netinet_in_h=yes
ac_cv_header_stdbool_h=yes
ac_cv_header_stdc=yes
ac_cv_header_stdint_h=yes
ac_cv_header_stdlib_h=yes
ac_cv_header_string_h=yes
ac_cv_header_strings_h=yes
ac_cv_header_sys_stat_h=yes
ac_cv_header_sys_types_h=yes
ac_cv_header_unistd_h=yes
ac_cv_host=x86_64-apple-darwin20.3.0
ac_cv_objext=o
ac_cv_path_EGREP='/usr/bin/grep -E'
ac_cv_path_GREP=/usr/bin/grep
ac_cv_path_install='/usr/bin/install -c'
ac_cv_prog_AWK=awk
ac_cv_prog_CPP='gcc -E'
ac_cv_prog_ac_ct_CC=gcc
ac_cv_prog_ac_ct_CXX=g++
ac_cv_prog_cc_c89=
ac_cv_prog_cc_g=yes
ac_cv_prog_cxx_g=yes
ac_cv_prog_make_make_set=yes
ac_cv_target=x86_64-apple-darwin20.3.0
ac_cv_type__Bool=yes
am_cv_CC_dependencies_compiler_type=gcc3
am_cv_CXX_dependencies_compiler_type=gcc3
am_cv_make_support_nested_variables=yes
am_cv_prog_cc_c_o=yes

## ----------------- ##
## Output variables. ##
## ----------------- ##

ACLOCAL='${SHELL} '\''/Users/lxm/Workspace/focaes/missing'\'' aclocal-1.16'
AMDEPBACKSLASH='\'
AMDEP_FALSE='#'
AMDEP_TRUE=''
AMTAR='$${TAR-tar}'
AM_BACKSLASH='\'
AM_DEFAULT_V='$(AM_DEFAULT_VERBOSITY)'
AM_DEFAULT_VERBOSITY='1'
AM_V='$(V)'
AUTOCONF='${SHELL} '\''/Users/lxm/Workspace/focaes/missing'\'' autoconf'
AUTOHEADER='${SHELL} '\''/Users/lxm/Workspace/focaes/missing'\'' autoheader'
AUTOMAKE='${SHELL} '\''/Users/lxm/Workspace/focaes/missing'\'' automake-1.16'
AWK='awk'
CC='gcc'
CCDEPMODE='depmode=gcc3'
CFLAGS='-g -O2'
CPP='gcc -E'
CPPFLAGS=''
CXX='g++'
CXXDEPMODE='depmode=gcc3'
CXXFLAGS='-g -O2'
CYGPATH_W='echo'
DEFS='-DPACKAGE_NAME=\"focaes\" -DPACKAGE_TARNAME=\"focaes\" -DPACKAGE_VERSION=\"0.1\" -DPACKAGE_STRING=\"focaes\ 0.1\" -DPACKAGE_BUGREPORT=\"\" -DPACKAGE_URL=\"\" -DPACKAGE=\"focaes\" -DVERSION=\"0.1\" -DHAVE_MEMSET=1 -DHAVE_MKDIR=1 -DHAVE_SOCKET=1 -DHAVE_STRCASECMP=1 -DSTDC_HEADERS=1 -DHAVE_SYS_TYPES_H=1 -DHAVE_SYS_STAT_H=1 -DHAVE_STDLIB_H=1 -DHAVE_STRING_H=1 -DHAVE_MEMORY_H=1 -DHAVE_STRINGS_H=1 -DHAVE_INTTYPES_H=1 -DHAVE_STDINT_H=1 -DHAVE_UNISTD_H=1 -DHAVE_ARPA_INET_H=1 -DHAVE_LIMITS_H=1 -DHAVE_NETINET_IN_H=1 -DHAVE_STDINT_H=1 -DHAVE_STRING_H=1 -DHAVE_UNISTD_H=1 -DHAVE__BOOL=1'
DEPDIR='.deps'
ECHO_C='\c'
ECHO_N=''
ECHO_T=''
EGREP='/usr/bin/grep -E'
EXEEXT=''
GREP='/usr/bin/grep'
INSTALL_DATA='${INSTALL} -m 644'
INSTALL_PROGRAM='${INSTALL}'
INSTALL_SCRIPT='${INSTALL}'
INSTALL_STRIP_PROGRAM='$(install_sh) -c -s'
LDFLAGS=''
LIBOBJS=''
LIBS=''
LTLIBOBJS=''
MAKEINFO='${SHELL} '\''/Users/lxm/Workspace/focaes/missing'\'' makeinfo'
MKDIR_P='../install-sh -c -d'
OBJEXT='o'
PACKAGE='focaes'
PACKAGE_BUGREPORT=''
PACKAGE_NAME='focaes'
PACKAGE_STRING='focaes 0.1'
PACKAGE_TARNAME='focaes'
PACKAGE_URL=''
PACKAGE_VERSION='0.1'
PATH_SEPARATOR=':'
SET_MAKE=''
SHELL='/bin/sh'
STRIP=''
VERSION='0.1'
ac_ct_CC='gcc'
ac_ct_CXX='g++'
am__EXEEXT_FALSE=''
am__EXEEXT_TRUE='#'
am__fastdepCC_FALSE='#'
am__fastdepCC_TRUE=''
am__fastdepCXX_FALSE='#'
am__fastdepCXX_TRUE=''
am__include='include'
am__isrc=' -I$(srcdir)'
am__leading_dot='.'
am__nodep='_no'
am__quote=''
am__tar='$${TAR-tar} chof - "$$tardir"'
am__untar='$${TAR-tar} xf -'
bindir='${exec_prefix}/bin'
build='x86_64-apple-darwin20.3.0'
build_alias=''
build_cpu='x86_64'
build_os='darwin20.3.0'
build_vendor='apple'
datadir='${datarootdir}'
datarootdir='${prefix}/share'
docdir='${datarootdir}/doc/${PACKAGE_TARNAME}'
dvidir='${docdir}'
exec_prefix='${prefix}'
host='x86_64-apple-darwin20.3.0'
host_alias=''
host_cpu='x86_64'
host_os='darwin20.3.0'
host_vendor='apple'
htmldir='${docdir}'
includedir='${prefix}/include'
infodir='${datarootdir}/info'
install_sh='${SHELL} /Users/lxm/Workspace/focaes/install-sh'
libdir='${exec_prefix}/lib'
libexecdir='${exec_prefix}/libexec'
localedir='${datarootdir}/locale'
localstatedir='${prefix}/var'
mandir='${datarootdir}/man'
mkdir_p='$(MKDIR_P)'
oldincludedir='/usr/include'
pdfdir='${docdir}'
prefix='/usr/local'
program_transform_name='s,x,x,'
psdir='${docdir}'
sbindir='${exec_prefix}/sbin'
sharedstatedir='${prefix}/com'
sysconfdir='${prefix}/etc'
target='x86_64-apple-darwin20.3.0'
target_alias=''
target_cpu='x86_64'
target_os='darwin20.3.0'
target_vendor='apple'

## ----------- ##
## confdefs.h. ##
## ----------- ##

/* confdefs.h */
#define PACKAGE_NAME "focaes"
#define PACKAGE_TARNAME "focaes"
#define PACKAGE_VERSION "0.1"
#define PACKAGE_STRING "focaes 0.1"
#define PACKAGE_BUGREPORT ""
#define PACKAGE_URL ""
#define PACKAGE "focaes"
#define VERSION "0.1"
#define HAVE_MEMSET 1
#define HAVE_MKDIR 1
#define HAVE_SOCKET 1
#define HAVE_STRCASECMP 1
#define STDC_HEADERS 1
#define HAVE_SYS_TYPES_H 1
#define HAVE_SYS_STAT_H 1
#define HAVE_STDLIB_H 1
#define HAVE_STRING_H 1
#define HAVE_MEMORY_H 1
#define HAVE_STRINGS_H 1
#define HAVE_INTTYPES_H 1
#define HAVE_STDINT_H 1
#define HAVE_UNISTD_H 1
#define HAVE_ARPA_INET_H 1
#define HAVE_LIMITS_H 1
#define HAVE_NETINET_IN_H 1
#define HAVE_STDINT_H 1
#define HAVE_STRING_H 1
#define HAVE_UNISTD_H 1
#define HAVE__BOOL 1

configure: exit 0
